<?xml version="1.0" encoding="UTF-8"?>
<!-- Generated by org.testng.reporters.JUnitReportReporter -->
<testsuite hostname="192-168-1-177.tpgi.com.au" failures="0" tests="1" name="TC003_GET_Response_Body" time="0.812" errors="0" timestamp="2021-09-02T23:57:51 AEST" skipped="0">
  <testcase classname="TC003_GET_Response_Body" name="getListOfResources" time="0.812"/>
  <system-out/>
</testsuite> <!-- TC003_GET_Response_Body -->
