<?xml version="1.0" encoding="UTF-8"?>
<!-- Generated by org.testng.reporters.JUnitReportReporter -->
<testsuite hostname="192-168-1-177.tpgi.com.au" failures="0" tests="1" name="TC002_POST_Request" time="1.488" errors="0" timestamp="2021-09-02T23:57:51 AEST" skipped="0">
  <testcase classname="TC002_POST_Request" name="createUser" time="1.488"/>
  <system-out/>
</testsuite> <!-- TC002_POST_Request -->
