<?xml version="1.0" encoding="UTF-8"?>
<!-- Generated by org.testng.reporters.JUnitReportReporter -->
<testsuite hostname="192-168-1-177.tpgi.com.au" failures="0" tests="1" name="TC001_GET_Request" time="0.213" errors="0" timestamp="2021-09-02T23:57:51 AEST" skipped="0">
  <testcase classname="TC001_GET_Request" name="getListOfUsers" time="0.213"/>
  <system-out/>
</testsuite> <!-- TC001_GET_Request -->
