<?xml version="1.0" encoding="UTF-8"?>
<!-- Generated by org.testng.reporters.JUnitReportReporter -->
<testsuite hostname="192-168-1-177.tpgi.com.au" failures="0" tests="4" name="dataDrivenTesting" time="5.527" errors="0" timestamp="2021-09-02T23:57:51 AEST" skipped="0">
  <testcase classname="dataDrivenTesting" name="createUser" time="0.772"/>
  <system-out/>
  <testcase classname="dataDrivenTesting" name="createUser" time="0.821"/>
  <system-out/>
  <testcase classname="dataDrivenTesting" name="createUser" time="3.133"/>
  <system-out/>
  <testcase classname="dataDrivenTesting" name="createUser" time="0.801"/>
  <system-out/>
</testsuite> <!-- dataDrivenTesting -->
